SF:lib/utils.dart
DA:4,1
DA:5,2
DA:7,1
DA:8,2
DA:10,1
DA:15,1
DA:17,2
DA:18,1
DA:19,1
DA:20,1
DA:22,1
DA:27,0
DA:29,0
DA:30,0
DA:31,0
DA:32,0
DA:34,0
DA:45,2
DA:46,6
LF:19
LH:13
end_of_record
SF:lib/modules.dart
DA:1,2
DA:45,1
DA:46,1
DA:47,1
DA:48,1
DA:49,1
DA:50,1
DA:51,1
DA:52,1
DA:54,1
DA:56,1
DA:58,1
DA:60,1
DA:62,1
DA:64,1
DA:66,1
DA:68,1
DA:70,1
DA:71,1
DA:72,1
DA:73,1
DA:74,1
DA:75,2
DA:76,2
DA:87,0
DA:88,0
DA:89,0
DA:90,0
DA:91,0
DA:92,0
DA:93,0
DA:94,0
DA:95,0
DA:97,0
DA:98,0
DA:99,0
DA:100,0
DA:101,0
DA:102,0
DA:103,0
DA:104,0
DA:106,0
DA:107,0
DA:108,0
DA:109,0
DA:110,0
DA:111,0
DA:112,0
DA:114,0
DA:115,0
DA:116,0
DA:117,0
DA:122,0
DA:124,0
DA:125,0
DA:126,0
DA:127,0
DA:128,0
DA:129,0
DA:130,0
DA:131,0
DA:132,0
DA:133,0
DA:134,0
DA:135,0
DA:136,0
DA:137,0
DA:138,0
DA:139,0
DA:140,0
DA:141,0
DA:142,0
DA:143,0
DA:144,0
DA:147,1
DA:153,0
DA:154,0
DA:155,0
DA:157,0
DA:174,0
DA:175,0
DA:176,0
DA:177,0
DA:178,0
DA:179,0
DA:180,0
DA:181,0
DA:183,0
DA:184,0
DA:185,0
DA:186,0
DA:187,0
DA:188,0
DA:189,0
DA:190,0
DA:191,0
DA:196,0
DA:198,0
DA:199,0
DA:200,0
DA:201,0
DA:202,0
DA:203,0
DA:204,0
DA:229,1
DA:230,1
DA:231,1
DA:232,2
DA:233,1
DA:234,1
DA:235,1
DA:236,1
DA:237,1
DA:238,1
DA:240,2
DA:242,2
DA:244,1
DA:246,2
DA:249,0
DA:251,0
DA:252,0
DA:253,0
DA:254,0
DA:255,0
DA:258,0
DA:259,0
DA:260,0
DA:261,0
DA:262,0
DA:265,0
DA:266,0
DA:267,0
DA:271,1
DA:274,4
DA:275,2
DA:285,0
DA:292,0
DA:293,0
DA:294,0
DA:295,0
DA:296,0
DA:298,0
DA:299,0
DA:300,0
DA:301,0
DA:302,0
DA:305,0
DA:307,0
DA:308,0
DA:309,0
DA:310,0
DA:317,0
DA:321,0
DA:322,0
DA:324,0
DA:325,0
DA:328,0
DA:330,0
DA:335,2
DA:352,1
DA:354,1
DA:356,1
DA:358,1
DA:360,1
DA:362,1
DA:370,2
DA:378,1
DA:380,1
DA:382,1
DA:384,1
LF:170
LH:54
end_of_record
SF:lib/flutter_inapp_purchase.dart
DA:16,2
DA:19,1
DA:23,0
DA:24,0
DA:27,0
DA:28,0
DA:31,0
DA:32,0
DA:35,0
DA:36,0
DA:39,2
DA:40,2
DA:45,3
DA:46,3
DA:48,1
DA:50,1
DA:53,1
DA:56,1
DA:61,1
DA:62,3
DA:69,1
DA:70,2
DA:71,3
DA:73,2
DA:76,0
DA:77,0
DA:84,1
DA:85,2
DA:86,2
DA:87,3
DA:89,2
DA:90,2
DA:91,3
DA:94,0
DA:95,0
DA:101,1
DA:102,1
DA:103,2
DA:104,3
DA:106,1
DA:107,1
DA:111,1
DA:112,2
DA:113,3
DA:115,1
DA:120,2
DA:122,0
DA:123,0
DA:129,1
DA:130,1
DA:131,2
DA:132,3
DA:134,1
DA:135,1
DA:140,1
DA:141,2
DA:142,3
DA:144,1
DA:149,2
DA:151,0
DA:152,0
DA:159,1
DA:160,2
DA:161,2
DA:163,1
DA:164,1
DA:168,2
DA:170,1
DA:171,1
DA:176,3
DA:178,2
DA:179,3
DA:180,2
DA:181,3
DA:183,2
DA:185,0
DA:186,0
DA:192,1
DA:193,2
DA:194,3
DA:196,1
DA:197,1
DA:201,3
DA:203,1
DA:204,1
DA:208,3
DA:209,2
DA:210,3
DA:212,2
DA:214,0
DA:215,0
DA:223,1
DA:229,2
DA:230,4
DA:231,1
DA:234,1
DA:239,2
DA:240,4
DA:245,0
DA:246,0
DA:256,1
DA:264,2
DA:265,4
DA:266,1
DA:269,1
DA:274,2
DA:275,4
DA:279,0
DA:280,0
DA:287,0
DA:288,0
DA:289,0
DA:299,0
DA:300,0
DA:301,0
DA:303,0
DA:304,0
DA:310,0
DA:315,0
DA:316,0
DA:317,0
DA:323,0
DA:324,0
DA:330,0
DA:334,0
DA:335,0
DA:336,0
DA:338,0
DA:341,0
DA:342,0
DA:348,0
DA:349,0
DA:350,0
DA:354,0
DA:356,0
DA:362,1
DA:363,2
DA:365,4
DA:370,0
DA:373,0
DA:374,0
DA:389,1
DA:390,2
DA:392,4
DA:396,0
DA:399,0
DA:400,0
DA:406,1
DA:407,2
DA:408,3
DA:409,1
DA:411,2
DA:412,3
DA:413,1
DA:416,0
DA:417,0
DA:425,1
DA:426,2
DA:428,2
DA:430,4
DA:435,0
DA:436,0
DA:442,0
DA:444,0
DA:447,0
DA:448,0
DA:452,0
DA:453,0
DA:454,0
DA:458,0
DA:460,0
DA:461,0
DA:465,0
DA:466,0
DA:472,0
DA:473,0
DA:475,0
DA:476,0
DA:479,0
DA:480,0
DA:485,1
DA:486,2
DA:487,1
DA:488,2
DA:490,3
DA:492,2
DA:494,0
DA:495,0
DA:503,0
DA:508,0
DA:510,0
DA:512,0
DA:514,0
DA:515,0
DA:516,0
DA:520,0
DA:522,0
DA:524,0
DA:525,0
DA:530,0
DA:531,0
DA:545,1
DA:552,3
DA:553,1
DA:554,1
DA:558,1
DA:578,1
DA:587,1
DA:588,3
DA:589,1
DA:590,1
DA:596,1
DA:598,1
DA:602,1
DA:606,1
DA:610,1
DA:613,2
DA:614,0
DA:615,0
DA:616,0
DA:617,0
DA:619,0
DA:620,0
DA:621,0
DA:623,0
DA:624,0
DA:625,0
DA:627,0
DA:628,0
DA:629,0
DA:632,0
DA:634,0
DA:638,1
DA:641,1
DA:642,1
DA:647,1
DA:648,1
DA:653,0
DA:654,0
DA:655,0
DA:657,0
DA:658,0
LF:242
LH:129
end_of_record
